<?xml version="1.0" encoding="UTF-8"?>
<testng-results ignored="0" total="2" passed="2" failed="0" skipped="0">
  <reporter-output>
  </reporter-output>
  <suite started-at="2025-04-29T01:19:15 IST" name="Default suite" finished-at="2025-04-29T01:19:20 IST" duration-ms="4918">
    <groups>
    </groups>
    <test started-at="2025-04-29T01:19:15 IST" name="Default test" finished-at="2025-04-29T01:19:20 IST" duration-ms="4918">
      <class name="testcases.ProductTests">
        <test-method is-config="true" signature="setup()[pri:0, instance:testcases.ProductTests@d2de489]" started-at="2025-04-29T01:19:15 IST" name="setup" finished-at="2025-04-29T01:19:16 IST" duration-ms="579" status="PASS">
          <reporter-output>
          </reporter-output>
        </test-method> <!-- setup -->
        <test-method signature="testDeleteProduct()[pri:0, instance:testcases.ProductTests@d2de489]" started-at="2025-04-29T01:19:16 IST" name="testDeleteProduct" finished-at="2025-04-29T01:19:18 IST" duration-ms="2409" status="PASS">
          <reporter-output>
          </reporter-output>
        </test-method> <!-- testDeleteProduct -->
        <test-method signature="testGetAllProducts()[pri:0, instance:testcases.ProductTests@d2de489]" started-at="2025-04-29T01:19:18 IST" name="testGetAllProducts" finished-at="2025-04-29T01:19:20 IST" duration-ms="1863" status="PASS">
          <reporter-output>
          </reporter-output>
        </test-method> <!-- testGetAllProducts -->
      </class> <!-- testcases.ProductTests -->
    </test> <!-- Default test -->
  </suite> <!-- Default suite -->
</testng-results>
